<?xml version="1.0" encoding="UTF-8"?>
<!-- Generated by org.testng.reporters.JUnitReportReporter -->
<testsuite hostname="IN-61DF8C3" failures="0" tests="1" name="cucumber_learn.com.cucumber.learn.AppTest" time="0.030" errors="0" timestamp="29 Apr 2024 05:58:42 GMT" skipped="0">
  <testcase classname="cucumber_learn.com.cucumber.learn.AppTest" name="testApp" time="0.030"/>
</testsuite> <!-- cucumber_learn.com.cucumber.learn.AppTest -->
